<?xml version="1.0" encoding="utf-8"?><testsuites name="pytest tests"><testsuite name="pytest" errors="0" failures="0" skipped="0" tests="10" time="88.457" timestamp="2026-04-19T22:32:42.661849+00:00" hostname="agent-env-3bd3f8bd-755e-42d1-a2ca-917678a9314d"><testcase classname="tests.test_quote_analyzer.TestHealthEndpoint" name="test_api_root_returns_200" time="0.326" /><testcase classname="tests.test_quote_analyzer.TestQuoteExtraction" name="test_extract_quote_with_realistic_image" time="16.382" /><testcase classname="tests.test_quote_analyzer.TestQuoteExtraction" name="test_extract_quote_missing_fields" time="0.231" /><testcase classname="tests.test_quote_analyzer.TestQuoteComparison" name="test_compare_quotes_with_mock_data" time="35.301" /><testcase classname="tests.test_quote_analyzer.TestQuoteComparison" name="test_compare_quotes_insufficient_quotes" time="0.309" /><testcase classname="tests.test_quote_analyzer.TestGetComparisons" name="test_get_comparisons_for_project" time="16.865" /><testcase classname="tests.test_quote_analyzer.TestGetComparisons" name="test_get_comparisons_empty_project" time="0.155" /><testcase classname="tests.test_quote_analyzer.TestDeleteComparison" name="test_delete_comparison" time="17.880" /><testcase classname="tests.test_quote_analyzer.TestDeleteComparison" name="test_delete_nonexistent_comparison" time="0.139" /><testcase classname="tests.test_quote_analyzer.TestCleanup" name="test_cleanup_test_comparisons" time="0.350" /></testsuite></testsuites>